Charm++> Running on MPI version: 2.2
Charm++> level of thread support used: MPI_THREAD_SINGLE (desired: MPI_THREAD_SINGLE)
Charm++> Running in non-SMP mode: numPes 4
Converse/Charm++ Commit ID: v6.5.1-rc2-2-g1bd45bf
Converse/Charm++ Commit ID: v6.5.1-rc2-2-g1bd45bf
Converse/Charm++ Commit ID: v6.5.1-rc2-2-g1bd45bf
Converse/Charm++ Commit ID: v6.5.1-rc2-2-g1bd45bf
Trace: traceroot: prj.part0//home/luyukun/software/app/namd/NAMD_CVS-2013-10-17_Source/Linux-x86-g++.arch/namd2
Trace: traceroot: prj.part2//home/luyukun/software/app/namd/NAMD_CVS-2013-10-17_Source/Linux-x86-g++.arch/namd2
Trace: traceroot: prj.part3//home/luyukun/software/app/namd/NAMD_CVS-2013-10-17_Source/Linux-x86-g++.arch/namd2
CharmLB> Load balancer assumes all CPUs are same.
CharmLB> Load balancer assumes all CPUs are same.
Trace: traceroot: prj.part1//home/luyukun/software/app/namd/NAMD_CVS-2013-10-17_Source/Linux-x86-g++.arch/namd2
CharmLB> Load balancer assumes all CPUs are same.
CharmLB> Load balancer assumes all CPUs are same.
Charm++> Running on 1 unique compute nodes (4-way SMP).
Charm++> Running on 1 unique compute nodes (4-way SMP).
Charm++> Running on 1 unique compute nodes (4-way SMP).
Charm++> cpu topology info is gathered in 0.000 seconds.
Charm++> cpu topology info is gathered in 0.000 seconds.
Charm++> cpu topology info is gathered in 0.000 seconds.
Info: NAMD CVS-2013-10-17 for Linux-x86-MPI
Info: 
Info: Please visit http://www.ks.uiuc.edu/Research/namd/
Info: for updates, documentation, and support information.
Info: 
Info: Please cite Phillips et al., J. Comp. Chem. 26:1781-1802 (2005)
Info: in all publications reporting results obtained with NAMD.
Info: 
Info: Based on Charm++/Converse 60500 for mpi-linux-gcc
Info: Built Sun May 4 18:18:06 CST 2014 by luyukun on luyukun
Info: NAMD CVS-2013-10-17 for Linux-x86-MPI
Info: 
Info: Please visit http://www.ks.uiuc.edu/Research/namd/
Info: for updates, documentation, and support information.
Info: 
Info: Please cite Phillips et al., J. Comp. Chem. 26:1781-1802 (2005)
Info: in all publications reporting results obtained with NAMD.
Info: 
Info: Based on Charm++/Converse 60500 for mpi-linux-gcc
Info: Built Sun May 4 18:18:06 CST 2014 by luyukun on luyukun
Info: NAMD CVS-2013-10-17 for Linux-x86-MPI
Info: 
Info: Please visit http://www.ks.uiuc.edu/Research/namd/
Info: for updates, documentation, and support information.
Info: 
Info: Please cite Phillips et al., J. Comp. Chem. 26:1781-1802 (2005)
Info: in all publications reporting results obtained with NAMD.
Info: 
Info: Based on Charm++/Converse 60500 for mpi-linux-gcc
Info: Built Sun May 4 18:18:06 CST 2014 by luyukun on luyukun
Info: 1 NAMD  CVS-2013-10-17  Linux-x86-MPI  1    luyukun  luyukun
Info: 1 NAMD  CVS-2013-10-17  Linux-x86-MPI  1    luyukun  luyukun
Info: 1 NAMD  CVS-2013-10-17  Linux-x86-MPI  1    luyukun  luyukun
Info: Running on 1 processors, 1 nodes, 1 physical nodes.
Info: CPU topology information available.
Info: Running on 1 processors, 1 nodes, 1 physical nodes.
Info: CPU topology information available.
Info: Charm++/Converse parallel runtime startup completed at 0.003757 s
Info: Running on 1 processors, 1 nodes, 1 physical nodes.
Info: CPU topology information available.
Info: Charm++/Converse parallel runtime startup completed at 0.00375104 s
Info: Charm++/Converse parallel runtime startup completed at 0.003021 s
Charm++> Running on 1 unique compute nodes (4-way SMP).
Charm++> cpu topology info is gathered in 0.000 seconds.
Info: NAMD CVS-2013-10-17 for Linux-x86-MPI
Info: 
Info: Please visit http://www.ks.uiuc.edu/Research/namd/
Info: for updates, documentation, and support information.
Info: 
Info: Please cite Phillips et al., J. Comp. Chem. 26:1781-1802 (2005)
Info: in all publications reporting results obtained with NAMD.
Info: 
Info: Based on Charm++/Converse 60500 for mpi-linux-gcc
Info: Built Sun May 4 18:18:06 CST 2014 by luyukun on luyukun
Info: 1.26611 MB of memory in use based on CmiMemoryUsage
Info: Configuration file is job0.conf
Info: 1.26601 MB of memory in use based on CmiMemoryUsage
Info: Configuration file is job0.conf
Info: 1.26601 MB of memory in use based on CmiMemoryUsage
Info: Configuration file is job0.conf
Info: Working in the current directory /home/luyukun/software/app/namd/NAMD_CVS-2013-10-17_Source/lib/replica/example
Info: Working in the current directory /home/luyukun/software/app/namd/NAMD_CVS-2013-10-17_Source/lib/replica/example
Info: Working in the current directory /home/luyukun/software/app/namd/NAMD_CVS-2013-10-17_Source/lib/replica/example
Info: 1 NAMD  CVS-2013-10-17  Linux-x86-MPI  1    luyukun  luyukun
Info: Running on 1 processors, 1 nodes, 1 physical nodes.
Info: CPU topology information available.
Info: Charm++/Converse parallel runtime startup completed at 0.00482988 s
Info: 1.26601 MB of memory in use based on CmiMemoryUsage
Info: Configuration file is job0.conf
Info: Working in the current directory /home/luyukun/software/app/namd/NAMD_CVS-2013-10-17_Source/lib/replica/example
Ctrl-C caught... cleaning up processes
